  [1m[35m (0.1ms)[0m  [1m[34mSELECT sqlite_version(*)[0m
  ↳ bin/rails:9
  [1m[35m (172.2ms)[0m  [1m[35mCREATE TABLE "schema_migrations" ("version" varchar NOT NULL PRIMARY KEY)[0m
  ↳ bin/rails:9
  [1m[35m (126.2ms)[0m  [1m[35mCREATE TABLE "ar_internal_metadata" ("key" varchar NOT NULL PRIMARY KEY, "value" varchar, "created_at" datetime NOT NULL, "updated_at" datetime NOT NULL)[0m
  ↳ bin/rails:9
  [1m[35m (0.2ms)[0m  [1m[34mSELECT "schema_migrations"."version" FROM "schema_migrations" ORDER BY "schema_migrations"."version" ASC[0m
  ↳ bin/rails:9
Migrating to CreateStudents (20190327002155)
  [1m[35m (0.1ms)[0m  [1m[36mbegin transaction[0m
  ↳ bin/rails:9
  [1m[35m (1.0ms)[0m  [1m[35mCREATE TABLE "students" ("id" integer PRIMARY KEY AUTOINCREMENT NOT NULL, "name" varchar, "age" integer, "created_at" datetime NOT NULL, "updated_at" datetime NOT NULL)[0m
  ↳ db/migrate/20190327002155_create_students.rb:3
  [1m[36mActiveRecord::SchemaMigration Create (0.2ms)[0m  [1m[32mINSERT INTO "schema_migrations" ("version") VALUES (?)[0m  [["version", "20190327002155"]]
  ↳ bin/rails:9
  [1m[35m (121.6ms)[0m  [1m[36mcommit transaction[0m
  ↳ bin/rails:9
  [1m[36mActiveRecord::InternalMetadata Load (0.1ms)[0m  [1m[34mSELECT  "ar_internal_metadata".* FROM "ar_internal_metadata" WHERE "ar_internal_metadata"."key" = ? LIMIT ?[0m  [["key", "environment"], ["LIMIT", 1]]
  ↳ bin/rails:9
  [1m[35m (0.0ms)[0m  [1m[36mbegin transaction[0m
  ↳ bin/rails:9
  [1m[36mActiveRecord::InternalMetadata Create (0.2ms)[0m  [1m[32mINSERT INTO "ar_internal_metadata" ("key", "value", "created_at", "updated_at") VALUES (?, ?, ?, ?)[0m  [["key", "environment"], ["value", "development"], ["created_at", "2019-03-27 00:28:18.624530"], ["updated_at", "2019-03-27 00:28:18.624530"]]
  ↳ bin/rails:9
  [1m[35m (96.9ms)[0m  [1m[36mcommit transaction[0m
  ↳ bin/rails:9
  [1m[35m (0.1ms)[0m  [1m[34mSELECT "schema_migrations"."version" FROM "schema_migrations" ORDER BY "schema_migrations"."version" ASC[0m
  ↳ bin/rails:9
Started GET "/" for ::1 at 2019-03-27 13:53:49 -0300
  [1m[35m (0.1ms)[0m  [1m[34mSELECT "schema_migrations"."version" FROM "schema_migrations" ORDER BY "schema_migrations"."version" ASC[0m
  ↳ /home/kedabra/.rvm/gems/ruby-2.5.1/gems/activerecord-5.2.2.1/lib/active_record/log_subscriber.rb:98
  
ActionController::RoutingError (uninitialized constant IndexController):
  
bootsnap (1.4.2) lib/bootsnap/load_path_cache/core_ext/active_support.rb:79:in `block in load_missing_constant'
bootsnap (1.4.2) lib/bootsnap/load_path_cache/core_ext/active_support.rb:8:in `without_bootsnap_cache'
bootsnap (1.4.2) lib/bootsnap/load_path_cache/core_ext/active_support.rb:79:in `rescue in load_missing_constant'
bootsnap (1.4.2) lib/bootsnap/load_path_cache/core_ext/active_support.rb:58:in `load_missing_constant'
activesupport (5.2.2.1) lib/active_support/inflector/methods.rb:283:in `const_get'
activesupport (5.2.2.1) lib/active_support/inflector/methods.rb:283:in `block in constantize'
activesupport (5.2.2.1) lib/active_support/inflector/methods.rb:281:in `each'
activesupport (5.2.2.1) lib/active_support/inflector/methods.rb:281:in `inject'
activesupport (5.2.2.1) lib/active_support/inflector/methods.rb:281:in `constantize'
actionpack (5.2.2.1) lib/action_dispatch/http/request.rb:88:in `controller_class_for'
actionpack (5.2.2.1) lib/action_dispatch/http/request.rb:81:in `controller_class'
actionpack (5.2.2.1) lib/action_dispatch/routing/route_set.rb:46:in `controller'
actionpack (5.2.2.1) lib/action_dispatch/routing/route_set.rb:32:in `serve'
actionpack (5.2.2.1) lib/action_dispatch/journey/router.rb:52:in `block in serve'
actionpack (5.2.2.1) lib/action_dispatch/journey/router.rb:35:in `each'
actionpack (5.2.2.1) lib/action_dispatch/journey/router.rb:35:in `serve'
actionpack (5.2.2.1) lib/action_dispatch/routing/route_set.rb:840:in `call'
rack (2.0.6) lib/rack/tempfile_reaper.rb:15:in `call'
rack (2.0.6) lib/rack/etag.rb:25:in `call'
rack (2.0.6) lib/rack/conditional_get.rb:25:in `call'
rack (2.0.6) lib/rack/head.rb:12:in `call'
actionpack (5.2.2.1) lib/action_dispatch/http/content_security_policy.rb:18:in `call'
rack (2.0.6) lib/rack/session/abstract/id.rb:232:in `context'
rack (2.0.6) lib/rack/session/abstract/id.rb:226:in `call'
actionpack (5.2.2.1) lib/action_dispatch/middleware/cookies.rb:670:in `call'
activerecord (5.2.2.1) lib/active_record/migration.rb:559:in `call'
actionpack (5.2.2.1) lib/action_dispatch/middleware/callbacks.rb:28:in `block in call'
activesupport (5.2.2.1) lib/active_support/callbacks.rb:98:in `run_callbacks'
actionpack (5.2.2.1) lib/action_dispatch/middleware/callbacks.rb:26:in `call'
actionpack (5.2.2.1) lib/action_dispatch/middleware/executor.rb:14:in `call'
actionpack (5.2.2.1) lib/action_dispatch/middleware/debug_exceptions.rb:61:in `call'
web-console (3.7.0) lib/web_console/middleware.rb:135:in `call_app'
web-console (3.7.0) lib/web_console/middleware.rb:30:in `block in call'
web-console (3.7.0) lib/web_console/middleware.rb:20:in `catch'
web-console (3.7.0) lib/web_console/middleware.rb:20:in `call'
actionpack (5.2.2.1) lib/action_dispatch/middleware/show_exceptions.rb:33:in `call'
railties (5.2.2.1) lib/rails/rack/logger.rb:38:in `call_app'
railties (5.2.2.1) lib/rails/rack/logger.rb:26:in `block in call'
activesupport (5.2.2.1) lib/active_support/tagged_logging.rb:71:in `block in tagged'
activesupport (5.2.2.1) lib/active_support/tagged_logging.rb:28:in `tagged'
activesupport (5.2.2.1) lib/active_support/tagged_logging.rb:71:in `tagged'
railties (5.2.2.1) lib/rails/rack/logger.rb:26:in `call'
sprockets-rails (3.2.1) lib/sprockets/rails/quiet_assets.rb:13:in `call'
actionpack (5.2.2.1) lib/action_dispatch/middleware/remote_ip.rb:81:in `call'
actionpack (5.2.2.1) lib/action_dispatch/middleware/request_id.rb:27:in `call'
rack (2.0.6) lib/rack/method_override.rb:22:in `call'
rack (2.0.6) lib/rack/runtime.rb:22:in `call'
activesupport (5.2.2.1) lib/active_support/cache/strategy/local_cache_middleware.rb:29:in `call'
actionpack (5.2.2.1) lib/action_dispatch/middleware/executor.rb:14:in `call'
actionpack (5.2.2.1) lib/action_dispatch/middleware/static.rb:127:in `call'
rack (2.0.6) lib/rack/sendfile.rb:111:in `call'
railties (5.2.2.1) lib/rails/engine.rb:524:in `call'
puma (3.12.1) lib/puma/configuration.rb:227:in `call'
puma (3.12.1) lib/puma/server.rb:660:in `handle_request'
puma (3.12.1) lib/puma/server.rb:474:in `process_client'
puma (3.12.1) lib/puma/server.rb:334:in `block in run'
puma (3.12.1) lib/puma/thread_pool.rb:135:in `block in spawn_thread'
Started GET "/" for ::1 at 2019-03-27 14:00:55 -0300
  
ActionController::RoutingError (uninitialized constant IndexController):
  
bootsnap (1.4.2) lib/bootsnap/load_path_cache/core_ext/active_support.rb:79:in `block in load_missing_constant'
bootsnap (1.4.2) lib/bootsnap/load_path_cache/core_ext/active_support.rb:8:in `without_bootsnap_cache'
bootsnap (1.4.2) lib/bootsnap/load_path_cache/core_ext/active_support.rb:79:in `rescue in load_missing_constant'
bootsnap (1.4.2) lib/bootsnap/load_path_cache/core_ext/active_support.rb:58:in `load_missing_constant'
activesupport (5.2.2.1) lib/active_support/inflector/methods.rb:283:in `const_get'
activesupport (5.2.2.1) lib/active_support/inflector/methods.rb:283:in `block in constantize'
activesupport (5.2.2.1) lib/active_support/inflector/methods.rb:281:in `each'
activesupport (5.2.2.1) lib/active_support/inflector/methods.rb:281:in `inject'
activesupport (5.2.2.1) lib/active_support/inflector/methods.rb:281:in `constantize'
actionpack (5.2.2.1) lib/action_dispatch/http/request.rb:88:in `controller_class_for'
actionpack (5.2.2.1) lib/action_dispatch/http/request.rb:81:in `controller_class'
actionpack (5.2.2.1) lib/action_dispatch/routing/route_set.rb:46:in `controller'
actionpack (5.2.2.1) lib/action_dispatch/routing/route_set.rb:32:in `serve'
actionpack (5.2.2.1) lib/action_dispatch/journey/router.rb:52:in `block in serve'
actionpack (5.2.2.1) lib/action_dispatch/journey/router.rb:35:in `each'
actionpack (5.2.2.1) lib/action_dispatch/journey/router.rb:35:in `serve'
actionpack (5.2.2.1) lib/action_dispatch/routing/route_set.rb:840:in `call'
rack (2.0.6) lib/rack/tempfile_reaper.rb:15:in `call'
rack (2.0.6) lib/rack/etag.rb:25:in `call'
rack (2.0.6) lib/rack/conditional_get.rb:25:in `call'
rack (2.0.6) lib/rack/head.rb:12:in `call'
actionpack (5.2.2.1) lib/action_dispatch/http/content_security_policy.rb:18:in `call'
rack (2.0.6) lib/rack/session/abstract/id.rb:232:in `context'
rack (2.0.6) lib/rack/session/abstract/id.rb:226:in `call'
actionpack (5.2.2.1) lib/action_dispatch/middleware/cookies.rb:670:in `call'
activerecord (5.2.2.1) lib/active_record/migration.rb:559:in `call'
actionpack (5.2.2.1) lib/action_dispatch/middleware/callbacks.rb:28:in `block in call'
activesupport (5.2.2.1) lib/active_support/callbacks.rb:98:in `run_callbacks'
actionpack (5.2.2.1) lib/action_dispatch/middleware/callbacks.rb:26:in `call'
actionpack (5.2.2.1) lib/action_dispatch/middleware/executor.rb:14:in `call'
actionpack (5.2.2.1) lib/action_dispatch/middleware/debug_exceptions.rb:61:in `call'
web-console (3.7.0) lib/web_console/middleware.rb:135:in `call_app'
web-console (3.7.0) lib/web_console/middleware.rb:30:in `block in call'
web-console (3.7.0) lib/web_console/middleware.rb:20:in `catch'
web-console (3.7.0) lib/web_console/middleware.rb:20:in `call'
actionpack (5.2.2.1) lib/action_dispatch/middleware/show_exceptions.rb:33:in `call'
railties (5.2.2.1) lib/rails/rack/logger.rb:38:in `call_app'
railties (5.2.2.1) lib/rails/rack/logger.rb:26:in `block in call'
activesupport (5.2.2.1) lib/active_support/tagged_logging.rb:71:in `block in tagged'
activesupport (5.2.2.1) lib/active_support/tagged_logging.rb:28:in `tagged'
activesupport (5.2.2.1) lib/active_support/tagged_logging.rb:71:in `tagged'
railties (5.2.2.1) lib/rails/rack/logger.rb:26:in `call'
sprockets-rails (3.2.1) lib/sprockets/rails/quiet_assets.rb:13:in `call'
actionpack (5.2.2.1) lib/action_dispatch/middleware/remote_ip.rb:81:in `call'
actionpack (5.2.2.1) lib/action_dispatch/middleware/request_id.rb:27:in `call'
rack (2.0.6) lib/rack/method_override.rb:22:in `call'
rack (2.0.6) lib/rack/runtime.rb:22:in `call'
activesupport (5.2.2.1) lib/active_support/cache/strategy/local_cache_middleware.rb:29:in `call'
actionpack (5.2.2.1) lib/action_dispatch/middleware/executor.rb:14:in `call'
actionpack (5.2.2.1) lib/action_dispatch/middleware/static.rb:127:in `call'
rack (2.0.6) lib/rack/sendfile.rb:111:in `call'
railties (5.2.2.1) lib/rails/engine.rb:524:in `call'
puma (3.12.1) lib/puma/configuration.rb:227:in `call'
puma (3.12.1) lib/puma/server.rb:660:in `handle_request'
puma (3.12.1) lib/puma/server.rb:474:in `process_client'
puma (3.12.1) lib/puma/server.rb:334:in `block in run'
puma (3.12.1) lib/puma/thread_pool.rb:135:in `block in spawn_thread'
Started GET "/" for ::1 at 2019-03-27 14:01:20 -0300
  
NoMethodError (undefined method `root3' for #<ActionDispatch::Routing::Mapper:0x00007f01ec07e410>
Did you mean?  root):
  
config/routes.rb:3:in `block in <main>'
config/routes.rb:1:in `<main>'
Started GET "/" for ::1 at 2019-03-27 14:01:29 -0300
Processing by StudentsController#index as HTML
  Rendering students/index.html.erb within layouts/application
  [1m[36mStudent Load (28.7ms)[0m  [1m[34mSELECT "students".* FROM "students"[0m
  ↳ app/views/students/index.html.erb:15
  Rendered students/index.html.erb within layouts/application (31.9ms)
Completed 200 OK in 3822ms (Views: 3769.9ms | ActiveRecord: 29.3ms)


  [1m[36mStudent Load (0.3ms)[0m  [1m[34mSELECT  "students".* FROM "students" LIMIT ?[0m  [["LIMIT", 11]]
  [1m[35m (0.1ms)[0m  [1m[36mbegin transaction[0m
  [1m[36mStudent Create (22.9ms)[0m  [1m[32mINSERT INTO "students" ("name", "age", "created_at", "updated_at") VALUES (?, ?, ?, ?)[0m  [["name", "omar"], ["age", 3], ["created_at", "2019-03-27 17:33:21.984918"], ["updated_at", "2019-03-27 17:33:21.984918"]]
  [1m[35m (167.8ms)[0m  [1m[36mcommit transaction[0m
  [1m[35m (0.2ms)[0m  [1m[36mbegin transaction[0m
  [1m[36mStudent Create (0.7ms)[0m  [1m[32mINSERT INTO "students" ("name", "age", "created_at", "updated_at") VALUES (?, ?, ?, ?)[0m  [["name", "cristian"], ["age", 5], ["created_at", "2019-03-27 17:33:33.012696"], ["updated_at", "2019-03-27 17:33:33.012696"]]
  [1m[35m (261.4ms)[0m  [1m[36mcommit transaction[0m
Started GET "/" for ::1 at 2019-03-27 14:33:34 -0300
Processing by StudentsController#index as HTML
  Rendering students/index.html.erb within layouts/application
  [1m[36mStudent Load (0.2ms)[0m  [1m[34mSELECT "students".* FROM "students"[0m
  ↳ app/views/students/index.html.erb:15
  Rendered students/index.html.erb within layouts/application (165.6ms)
Completed 200 OK in 181ms (Views: 179.0ms | ActiveRecord: 0.7ms)


Started GET "/students/new" for ::1 at 2019-03-27 14:33:39 -0300
Processing by StudentsController#new as HTML
  Rendering students/new.html.erb within layouts/application
  Rendered students/_form.html.erb (212.4ms)
  Rendered students/new.html.erb within layouts/application (214.1ms)
Completed 200 OK in 235ms (Views: 233.5ms | ActiveRecord: 0.0ms)


Started GET "/students/new" for ::1 at 2019-03-27 14:33:43 -0300
Processing by StudentsController#new as HTML
  Rendering students/new.html.erb within layouts/application
  Rendered students/_form.html.erb (1.5ms)
  Rendered students/new.html.erb within layouts/application (2.4ms)
Completed 200 OK in 31ms (Views: 30.0ms | ActiveRecord: 0.0ms)


Started POST "/students" for ::1 at 2019-03-27 14:33:45 -0300
Processing by StudentsController#create as HTML
  Parameters: {"utf8"=>"✓", "authenticity_token"=>"suatlnUBN61Kqejx2+fIrN0J/YC8CNO71TJHc3wRPVKkRNKbsavSsbdwIygvkQufEFg6HdfhAsW4y72EoH3+6A==", "student"=>{"name"=>"oscar", "age"=>""}, "commit"=>"Create Student"}
  [1m[35m (0.1ms)[0m  [1m[36mbegin transaction[0m
  ↳ app/controllers/students_controller.rb:30
  [1m[36mStudent Create (0.6ms)[0m  [1m[32mINSERT INTO "students" ("name", "created_at", "updated_at") VALUES (?, ?, ?)[0m  [["name", "oscar"], ["created_at", "2019-03-27 17:33:45.185318"], ["updated_at", "2019-03-27 17:33:45.185318"]]
  ↳ app/controllers/students_controller.rb:30
  [1m[35m (641.7ms)[0m  [1m[36mcommit transaction[0m
  ↳ app/controllers/students_controller.rb:30
Redirected to http://localhost:3000/students/3
Completed 302 Found in 647ms (ActiveRecord: 642.4ms)


Started GET "/students/3" for ::1 at 2019-03-27 14:33:45 -0300
Processing by StudentsController#show as HTML
  Parameters: {"id"=>"3"}
  [1m[36mStudent Load (0.3ms)[0m  [1m[34mSELECT  "students".* FROM "students" WHERE "students"."id" = ? LIMIT ?[0m  [["id", 3], ["LIMIT", 1]]
  ↳ app/controllers/students_controller.rb:67
  Rendering students/show.html.erb within layouts/application
  Rendered students/show.html.erb within layouts/application (0.8ms)
Completed 200 OK in 48ms (Views: 16.2ms | ActiveRecord: 0.3ms)


Started GET "/students" for ::1 at 2019-03-27 14:33:47 -0300
Processing by StudentsController#index as HTML
  Rendering students/index.html.erb within layouts/application
  [1m[36mStudent Load (0.9ms)[0m  [1m[34mSELECT "students".* FROM "students"[0m
  ↳ app/views/students/index.html.erb:15
  Rendered students/index.html.erb within layouts/application (7.5ms)
Completed 200 OK in 50ms (Views: 45.3ms | ActiveRecord: 0.9ms)


Started GET "/students/new" for ::1 at 2019-03-27 14:47:58 -0300
Processing by StudentsController#new as HTML
  Rendering students/new.html.erb within layouts/application
  Rendered students/_form.html.erb (1.7ms)
  Rendered students/new.html.erb within layouts/application (2.5ms)
Completed 200 OK in 23ms (Views: 21.3ms | ActiveRecord: 0.0ms)


Started GET "/" for ::1 at 2019-03-27 14:47:58 -0300
Processing by StudentsController#index as HTML
  Rendering students/index.html.erb within layouts/application
  [1m[36mStudent Load (0.5ms)[0m  [1m[34mSELECT "students".* FROM "students"[0m
  ↳ app/views/students/index.html.erb:15
  Rendered students/index.html.erb within layouts/application (7.2ms)
Completed 200 OK in 41ms (Views: 38.8ms | ActiveRecord: 1.1ms)


Started GET "/" for ::1 at 2019-03-27 14:48:13 -0300
Processing by StudentsController#index as HTML
  Rendering students/index.html.erb within layouts/application
  [1m[36mStudent Load (0.2ms)[0m  [1m[34mSELECT "students".* FROM "students"[0m
  ↳ app/views/students/index.html.erb:8
  Rendered students/index.html.erb within layouts/application (2.6ms)
Completed 200 OK in 59ms (Views: 55.8ms | ActiveRecord: 0.2ms)


Started GET "/" for ::1 at 2019-03-27 14:49:25 -0300
Processing by StudentsController#index as HTML
  Rendering students/index.html.erb within layouts/application
  [1m[36mStudent Load (0.2ms)[0m  [1m[34mSELECT "students".* FROM "students"[0m
  ↳ app/views/students/index.html.erb:7
  Rendered students/index.html.erb within layouts/application (6.2ms)
Completed 200 OK in 44ms (Views: 39.8ms | ActiveRecord: 0.2ms)


Started GET "/" for ::1 at 2019-03-27 14:49:35 -0300
Processing by StudentsController#index as HTML
  Rendering students/index.html.erb within layouts/application
  [1m[36mStudent Load (0.9ms)[0m  [1m[34mSELECT "students".* FROM "students"[0m
  ↳ app/views/students/index.html.erb:7
  Rendered students/index.html.erb within layouts/application (14.2ms)
Completed 200 OK in 70ms (Views: 65.1ms | ActiveRecord: 0.9ms)


Started GET "/" for ::1 at 2019-03-27 14:50:12 -0300
Processing by StudentsController#index as HTML
  Rendering students/index.html.erb within layouts/application
  [1m[36mStudent Load (0.2ms)[0m  [1m[34mSELECT "students".* FROM "students"[0m
  ↳ app/views/students/index.html.erb:9
  Rendered students/index.html.erb within layouts/application (4.0ms)
Completed 200 OK in 38ms (Views: 37.1ms | ActiveRecord: 0.2ms)


Started GET "/" for ::1 at 2019-03-27 14:50:12 -0300
Processing by StudentsController#index as HTML
  Rendering students/index.html.erb within layouts/application
  [1m[36mStudent Load (0.2ms)[0m  [1m[34mSELECT "students".* FROM "students"[0m
  ↳ app/views/students/index.html.erb:9
  Rendered students/index.html.erb within layouts/application (2.7ms)
Completed 200 OK in 24ms (Views: 22.8ms | ActiveRecord: 0.2ms)


Started GET "/" for ::1 at 2019-03-27 14:50:12 -0300
Processing by StudentsController#index as HTML
  Rendering students/index.html.erb within layouts/application
  [1m[36mStudent Load (0.2ms)[0m  [1m[34mSELECT "students".* FROM "students"[0m
  ↳ app/views/students/index.html.erb:9
  Rendered students/index.html.erb within layouts/application (1.8ms)
Completed 200 OK in 35ms (Views: 34.2ms | ActiveRecord: 0.2ms)


Started GET "/" for ::1 at 2019-03-27 14:50:30 -0300
Processing by StudentsController#index as HTML
  Rendering students/index.html.erb within layouts/application
  [1m[36mStudent Load (0.2ms)[0m  [1m[34mSELECT "students".* FROM "students"[0m
  ↳ app/views/students/index.html.erb:9
  Rendered students/index.html.erb within layouts/application (1.8ms)
Completed 200 OK in 24ms (Views: 22.0ms | ActiveRecord: 0.2ms)


Started GET "/" for ::1 at 2019-03-27 14:51:20 -0300
Processing by StudentsController#index as HTML
  Rendering students/index.html.erb within layouts/application
  [1m[36mStudent Load (0.2ms)[0m  [1m[34mSELECT "students".* FROM "students"[0m
  ↳ app/views/students/index.html.erb:9
  Rendered students/index.html.erb within layouts/application (6.8ms)
Completed 200 OK in 47ms (Views: 41.6ms | ActiveRecord: 0.2ms)


Started GET "/" for ::1 at 2019-03-27 14:51:21 -0300
Processing by StudentsController#index as HTML
  Rendering students/index.html.erb within layouts/application
  [1m[36mStudent Load (0.3ms)[0m  [1m[34mSELECT "students".* FROM "students"[0m
  ↳ app/views/students/index.html.erb:9
  Rendered students/index.html.erb within layouts/application (5.0ms)
Completed 200 OK in 29ms (Views: 27.6ms | ActiveRecord: 0.3ms)


Started GET "/" for ::1 at 2019-03-27 14:51:35 -0300
Processing by StudentsController#index as HTML
  Rendering students/index.html.erb within layouts/application
  [1m[36mStudent Load (0.3ms)[0m  [1m[34mSELECT "students".* FROM "students"[0m
  ↳ app/views/students/index.html.erb:9
  Rendered students/index.html.erb within layouts/application (4.3ms)
Completed 200 OK in 57ms (Views: 50.4ms | ActiveRecord: 0.3ms)


Started GET "/" for ::1 at 2019-03-27 14:51:56 -0300
Processing by StudentsController#index as HTML
  Rendering students/index.html.erb within layouts/application
  [1m[36mStudent Load (0.2ms)[0m  [1m[34mSELECT "students".* FROM "students"[0m
  ↳ app/views/students/index.html.erb:9
  Rendered students/index.html.erb within layouts/application (2.8ms)
Completed 200 OK in 25ms (Views: 24.0ms | ActiveRecord: 0.2ms)


Started GET "/" for ::1 at 2019-03-27 18:18:41 -0300
Processing by StudentsController#index as HTML
  Rendering students/index.html.erb within layouts/application
  [1m[36mStudent Load (0.1ms)[0m  [1m[34mSELECT "students".* FROM "students"[0m
  ↳ app/views/students/index.html.erb:9
  Rendered students/index.html.erb within layouts/application (2.1ms)
Completed 200 OK in 33ms (Views: 31.0ms | ActiveRecord: 0.4ms)


Started GET "/" for ::1 at 2019-03-27 18:18:42 -0300
Processing by StudentsController#index as HTML
  Rendering students/index.html.erb within layouts/application
  [1m[36mStudent Load (0.2ms)[0m  [1m[34mSELECT "students".* FROM "students"[0m
  ↳ app/views/students/index.html.erb:9
  Rendered students/index.html.erb within layouts/application (4.8ms)
Completed 200 OK in 29ms (Views: 27.3ms | ActiveRecord: 0.2ms)


Started GET "/" for ::1 at 2019-03-27 18:18:50 -0300
Processing by StudentsController#index as HTML
  Rendering students/index.html.erb within layouts/application
  [1m[36mStudent Load (0.2ms)[0m  [1m[34mSELECT "students".* FROM "students"[0m
  ↳ app/views/students/index.html.erb:9
  Rendered students/index.html.erb within layouts/application (1.9ms)
Completed 200 OK in 23ms (Views: 21.8ms | ActiveRecord: 0.2ms)


Started GET "/" for ::1 at 2019-03-27 18:19:34 -0300
Processing by StudentsController#index as HTML
  Rendering students/index.html.erb within layouts/application
  [1m[36mStudent Load (0.8ms)[0m  [1m[34mSELECT "students".* FROM "students"[0m
  ↳ app/views/students/index.html.erb:9
  Rendered students/index.html.erb within layouts/application (3.6ms)
Completed 200 OK in 31ms (Views: 26.4ms | ActiveRecord: 0.8ms)


Started GET "/" for ::1 at 2019-03-27 18:19:35 -0300
Processing by StudentsController#index as HTML
  Rendering students/index.html.erb within layouts/application
  [1m[36mStudent Load (0.2ms)[0m  [1m[34mSELECT "students".* FROM "students"[0m
  ↳ app/views/students/index.html.erb:9
  Rendered students/index.html.erb within layouts/application (1.9ms)
Completed 200 OK in 21ms (Views: 19.4ms | ActiveRecord: 0.2ms)


Started GET "/" for ::1 at 2019-03-27 18:23:04 -0300
Processing by StudentsController#index as HTML
  Rendering students/index.html.erb within layouts/application
  [1m[36mStudent Load (1.2ms)[0m  [1m[34mSELECT "students".* FROM "students"[0m
  ↳ app/views/students/index.html.erb:9
  Rendered students/index.html.erb within layouts/application (12.5ms)
Completed 200 OK in 71ms (Views: 64.1ms | ActiveRecord: 1.2ms)


Started GET "/" for ::1 at 2019-03-27 18:23:05 -0300
Processing by StudentsController#index as HTML
  Rendering students/index.html.erb within layouts/application
  [1m[36mStudent Load (0.7ms)[0m  [1m[34mSELECT "students".* FROM "students"[0m
  ↳ app/views/students/index.html.erb:9
  Rendered students/index.html.erb within layouts/application (8.2ms)
Completed 200 OK in 65ms (Views: 62.4ms | ActiveRecord: 0.7ms)


Started GET "/" for ::1 at 2019-03-27 18:23:06 -0300
Processing by StudentsController#index as HTML
  Rendering students/index.html.erb within layouts/application
  [1m[36mStudent Load (1.0ms)[0m  [1m[34mSELECT "students".* FROM "students"[0m
  ↳ app/views/students/index.html.erb:9
  Rendered students/index.html.erb within layouts/application (7.7ms)
Completed 200 OK in 56ms (Views: 49.3ms | ActiveRecord: 1.0ms)


Started GET "/" for ::1 at 2019-03-27 18:23:31 -0300
Processing by StudentsController#index as HTML
  Rendering students/index.html.erb within layouts/application
  [1m[36mStudent Load (0.2ms)[0m  [1m[34mSELECT "students".* FROM "students"[0m
  ↳ app/views/students/index.html.erb:9
  Rendered students/index.html.erb within layouts/application (9.3ms)
Completed 200 OK in 81ms (Views: 79.1ms | ActiveRecord: 0.2ms)


Started GET "/" for ::1 at 2019-03-27 18:23:32 -0300
Processing by StudentsController#index as HTML
  Rendering students/index.html.erb within layouts/application
  [1m[36mStudent Load (0.9ms)[0m  [1m[34mSELECT "students".* FROM "students"[0m
  ↳ app/views/students/index.html.erb:9
  Rendered students/index.html.erb within layouts/application (9.4ms)
Completed 200 OK in 52ms (Views: 47.1ms | ActiveRecord: 0.9ms)


Started GET "/" for ::1 at 2019-03-27 18:23:37 -0300
Processing by StudentsController#index as HTML
  Rendering students/index.html.erb within layouts/application
  [1m[36mStudent Load (0.8ms)[0m  [1m[34mSELECT "students".* FROM "students"[0m
  ↳ app/views/students/index.html.erb:9
  Rendered students/index.html.erb within layouts/application (11.3ms)
Completed 200 OK in 56ms (Views: 51.3ms | ActiveRecord: 0.8ms)


Started GET "/" for ::1 at 2019-03-27 18:25:05 -0300
Processing by StudentsController#index as HTML
  Rendering students/index.html.erb within layouts/application
  [1m[36mStudent Load (0.2ms)[0m  [1m[34mSELECT "students".* FROM "students"[0m
  ↳ app/views/students/index.html.erb:9
  Rendered students/index.html.erb within layouts/application (1.9ms)
Completed 200 OK in 48ms (Views: 46.7ms | ActiveRecord: 0.2ms)


Started GET "/" for ::1 at 2019-03-27 18:25:27 -0300
Processing by StudentsController#index as HTML
  Rendering students/index.html.erb within layouts/application
  [1m[36mStudent Load (0.3ms)[0m  [1m[34mSELECT "students".* FROM "students"[0m
  ↳ app/views/students/index.html.erb:9
  Rendered students/index.html.erb within layouts/application (5.4ms)
Completed 200 OK in 66ms (Views: 63.3ms | ActiveRecord: 0.3ms)


Started GET "/" for ::1 at 2019-03-27 18:25:45 -0300
Processing by StudentsController#index as HTML
  Rendering students/index.html.erb within layouts/application
  [1m[36mStudent Load (0.2ms)[0m  [1m[34mSELECT "students".* FROM "students"[0m
  ↳ app/views/students/index.html.erb:9
  Rendered students/index.html.erb within layouts/application (2.3ms)
Completed 200 OK in 47ms (Views: 45.8ms | ActiveRecord: 0.2ms)


Started GET "/" for ::1 at 2019-04-10 15:48:18 -0400
  [1m[35m (0.8ms)[0m  [1m[34mSELECT "schema_migrations"."version" FROM "schema_migrations" ORDER BY "schema_migrations"."version" ASC[0m
  ↳ /home/kedabra/.rvm/gems/ruby-2.5.1/gems/activerecord-5.2.2.1/lib/active_record/log_subscriber.rb:98
Processing by StudentsController#index as HTML
  Rendering students/index.html.erb within layouts/application
  [1m[36mStudent Load (0.6ms)[0m  [1m[34mSELECT "students".* FROM "students"[0m
  ↳ app/views/students/index.html.erb:9
  Rendered students/index.html.erb within layouts/application (54.5ms)
Completed 200 OK in 528ms (Views: 510.5ms | ActiveRecord: 1.2ms)


Started GET "/" for ::1 at 2019-04-10 15:48:28 -0400
Processing by StudentsController#index as HTML
  Rendering students/index.html.erb within layouts/application
  [1m[36mStudent Load (0.2ms)[0m  [1m[34mSELECT "students".* FROM "students"[0m
  ↳ app/views/students/index.html.erb:9
  Rendered students/index.html.erb within layouts/application (4.1ms)
Completed 200 OK in 21ms (Views: 18.3ms | ActiveRecord: 1.1ms)


Started GET "/" for ::1 at 2019-04-10 15:52:27 -0400
Processing by StudentsController#index as HTML
  Rendering students/index.html.erb within layouts/application
  [1m[36mStudent Load (0.2ms)[0m  [1m[34mSELECT "students".* FROM "students"[0m
  ↳ app/views/students/index.html.erb:9
  Rendered students/index.html.erb within layouts/application (4.2ms)
Completed 200 OK in 21ms (Views: 19.4ms | ActiveRecord: 0.2ms)


  [1m[35m (0.1ms)[0m  [1m[34mSELECT "schema_migrations"."version" FROM "schema_migrations" ORDER BY "schema_migrations"."version" ASC[0m
  ↳ bin/rails:9
Migrating to AddEmailToStudents (20190410195354)
  [1m[35m (0.1ms)[0m  [1m[36mbegin transaction[0m
  ↳ bin/rails:9
  [1m[35m (0.3ms)[0m  [1m[35mALTER TABLE "students" ADD "email" varchar[0m
  ↳ db/migrate/20190410195354_add_email_to_students.rb:3
  [1m[36mActiveRecord::SchemaMigration Create (0.3ms)[0m  [1m[32mINSERT INTO "schema_migrations" ("version") VALUES (?)[0m  [["version", "20190410195354"]]
  ↳ bin/rails:9
  [1m[35m (301.4ms)[0m  [1m[36mcommit transaction[0m
  ↳ bin/rails:9
  [1m[36mActiveRecord::InternalMetadata Load (0.2ms)[0m  [1m[34mSELECT  "ar_internal_metadata".* FROM "ar_internal_metadata" WHERE "ar_internal_metadata"."key" = ? LIMIT ?[0m  [["key", "environment"], ["LIMIT", 1]]
  ↳ bin/rails:9
  [1m[35m (0.0ms)[0m  [1m[36mbegin transaction[0m
  ↳ bin/rails:9
  [1m[35m (0.0ms)[0m  [1m[36mcommit transaction[0m
  ↳ bin/rails:9
  [1m[35m (0.1ms)[0m  [1m[34mSELECT "schema_migrations"."version" FROM "schema_migrations" ORDER BY "schema_migrations"."version" ASC[0m
  ↳ bin/rails:9
  [1m[35m (0.2ms)[0m  [1m[36mbegin transaction[0m
  [1m[36mStudent Create (0.4ms)[0m  [1m[32mINSERT INTO "students" ("name", "age", "created_at", "updated_at", "email") VALUES (?, ?, ?, ?, ?)[0m  [["name", "rocio"], ["age", 22], ["created_at", "2019-04-10 19:54:55.669548"], ["updated_at", "2019-04-10 19:54:55.669548"], ["email", "rocio@email.com"]]
  [1m[35m (110.3ms)[0m  [1m[36mcommit transaction[0m
Started GET "/" for ::1 at 2019-04-10 15:55:00 -0400
  [1m[35m (0.2ms)[0m  [1m[34mSELECT "schema_migrations"."version" FROM "schema_migrations" ORDER BY "schema_migrations"."version" ASC[0m
  ↳ /home/kedabra/.rvm/gems/ruby-2.5.1/gems/activerecord-5.2.2.1/lib/active_record/log_subscriber.rb:98
Processing by StudentsController#index as HTML
  Rendering students/index.html.erb within layouts/application
  [1m[36mStudent Load (0.2ms)[0m  [1m[34mSELECT "students".* FROM "students"[0m
  ↳ app/views/students/index.html.erb:9
  Rendered students/index.html.erb within layouts/application (10.0ms)
Completed 200 OK in 25ms (Views: 22.4ms | ActiveRecord: 0.6ms)


Started GET "/" for ::1 at 2019-04-10 16:06:25 -0400
Processing by StudentsController#index as HTML
  Rendering students/index.html.erb within layouts/application
  [1m[36mStudent Load (0.2ms)[0m  [1m[34mSELECT "students".* FROM "students"[0m
  ↳ app/views/students/index.html.erb:9
  Rendered students/index.html.erb within layouts/application (10.1ms)
Completed 200 OK in 153ms (Views: 149.4ms | ActiveRecord: 1.1ms)


Started GET "/pges/landing" for ::1 at 2019-04-10 16:06:33 -0400
  
ActionController::RoutingError (No route matches [GET] "/pges/landing"):
  
actionpack (5.2.2.1) lib/action_dispatch/middleware/debug_exceptions.rb:65:in `call'
web-console (3.7.0) lib/web_console/middleware.rb:135:in `call_app'
web-console (3.7.0) lib/web_console/middleware.rb:30:in `block in call'
web-console (3.7.0) lib/web_console/middleware.rb:20:in `catch'
web-console (3.7.0) lib/web_console/middleware.rb:20:in `call'
actionpack (5.2.2.1) lib/action_dispatch/middleware/show_exceptions.rb:33:in `call'
railties (5.2.2.1) lib/rails/rack/logger.rb:38:in `call_app'
railties (5.2.2.1) lib/rails/rack/logger.rb:26:in `block in call'
activesupport (5.2.2.1) lib/active_support/tagged_logging.rb:71:in `block in tagged'
activesupport (5.2.2.1) lib/active_support/tagged_logging.rb:28:in `tagged'
activesupport (5.2.2.1) lib/active_support/tagged_logging.rb:71:in `tagged'
railties (5.2.2.1) lib/rails/rack/logger.rb:26:in `call'
sprockets-rails (3.2.1) lib/sprockets/rails/quiet_assets.rb:13:in `call'
actionpack (5.2.2.1) lib/action_dispatch/middleware/remote_ip.rb:81:in `call'
actionpack (5.2.2.1) lib/action_dispatch/middleware/request_id.rb:27:in `call'
rack (2.0.6) lib/rack/method_override.rb:22:in `call'
rack (2.0.6) lib/rack/runtime.rb:22:in `call'
activesupport (5.2.2.1) lib/active_support/cache/strategy/local_cache_middleware.rb:29:in `call'
actionpack (5.2.2.1) lib/action_dispatch/middleware/executor.rb:14:in `call'
actionpack (5.2.2.1) lib/action_dispatch/middleware/static.rb:127:in `call'
rack (2.0.6) lib/rack/sendfile.rb:111:in `call'
railties (5.2.2.1) lib/rails/engine.rb:524:in `call'
puma (3.12.1) lib/puma/configuration.rb:227:in `call'
puma (3.12.1) lib/puma/server.rb:660:in `handle_request'
puma (3.12.1) lib/puma/server.rb:474:in `process_client'
puma (3.12.1) lib/puma/server.rb:334:in `block in run'
puma (3.12.1) lib/puma/thread_pool.rb:135:in `block in spawn_thread'
Started GET "/pages/landing" for ::1 at 2019-04-10 16:06:40 -0400
Processing by PagesController#landing as HTML
Completed 500 Internal Server Error in 10ms (ActiveRecord: 0.0ms)


  
NameError (uninitialized constant PagesController::Studens):
  
app/controllers/pages_controller.rb:3:in `landing'
Started GET "/pages/landing" for ::1 at 2019-04-10 16:06:54 -0400
Processing by PagesController#landing as HTML
Completed 500 Internal Server Error in 7ms (ActiveRecord: 0.0ms)


  
NameError (uninitialized constant PagesController::Students):
  
app/controllers/pages_controller.rb:3:in `landing'
Started GET "/pages/landing" for ::1 at 2019-04-10 16:06:55 -0400
Processing by PagesController#landing as HTML
Completed 500 Internal Server Error in 3ms (ActiveRecord: 0.0ms)


  
NameError (uninitialized constant PagesController::Students):
  
app/controllers/pages_controller.rb:3:in `landing'
Started GET "/pages/landing" for ::1 at 2019-04-10 16:07:20 -0400
Processing by PagesController#landing as HTML
  Rendering pages/landing.html.erb within layouts/application
  [1m[36mStudent Load (0.1ms)[0m  [1m[34mSELECT "students".* FROM "students"[0m
  ↳ app/views/pages/landing.html.erb:1
  Rendered pages/landing.html.erb within layouts/application (7.1ms)
Completed 200 OK in 35ms (Views: 32.7ms | ActiveRecord: 0.6ms)


Started GET "/pages/landing" for ::1 at 2019-04-10 16:07:28 -0400
Processing by PagesController#landing as HTML
  Rendering pages/landing.html.erb within layouts/application
  [1m[36mStudent Load (0.2ms)[0m  [1m[34mSELECT "students".* FROM "students"[0m
  ↳ app/views/pages/landing.html.erb:1
  Rendered pages/landing.html.erb within layouts/application (1.6ms)
Completed 200 OK in 43ms (Views: 41.9ms | ActiveRecord: 0.2ms)


Started GET "/pages/landing" for ::1 at 2019-04-10 16:09:02 -0400
Processing by PagesController#landing as HTML
  Rendering pages/landing.html.erb within layouts/application
  [1m[36mStudent Load (0.2ms)[0m  [1m[34mSELECT "students".* FROM "students"[0m
  ↳ app/views/pages/landing.html.erb:7
  Rendered pages/landing.html.erb within layouts/application (1.0ms)
Completed 200 OK in 19ms (Views: 17.8ms | ActiveRecord: 0.2ms)


Started GET "/pages/landing" for ::1 at 2019-04-10 16:09:05 -0400
Processing by PagesController#landing as HTML
  Rendering pages/landing.html.erb within layouts/application
  [1m[36mStudent Load (0.2ms)[0m  [1m[34mSELECT "students".* FROM "students"[0m
  ↳ app/views/pages/landing.html.erb:7
  Rendered pages/landing.html.erb within layouts/application (1.5ms)
Completed 200 OK in 22ms (Views: 20.9ms | ActiveRecord: 0.2ms)


Started GET "/pages/landing" for ::1 at 2019-04-10 16:09:46 -0400
Processing by PagesController#landing as HTML
  Rendering pages/landing.html.erb within layouts/application
  [1m[36mStudent Load (0.2ms)[0m  [1m[34mSELECT "students".* FROM "students"[0m
  ↳ app/views/pages/landing.html.erb:7
  Rendered pages/landing.html.erb within layouts/application (1.2ms)
Completed 200 OK in 27ms (Views: 26.0ms | ActiveRecord: 0.2ms)


Started GET "/pages/landing" for ::1 at 2019-04-10 16:09:47 -0400
Processing by PagesController#landing as HTML
  Rendering pages/landing.html.erb within layouts/application
  [1m[36mStudent Load (0.2ms)[0m  [1m[34mSELECT "students".* FROM "students"[0m
  ↳ app/views/pages/landing.html.erb:7
  Rendered pages/landing.html.erb within layouts/application (1.5ms)
Completed 200 OK in 24ms (Views: 21.8ms | ActiveRecord: 0.2ms)


Started GET "/pages/landing" for ::1 at 2019-04-10 16:09:48 -0400
Processing by PagesController#landing as HTML
  Rendering pages/landing.html.erb within layouts/application
  [1m[36mStudent Load (0.2ms)[0m  [1m[34mSELECT "students".* FROM "students"[0m
  ↳ app/views/pages/landing.html.erb:7
  Rendered pages/landing.html.erb within layouts/application (1.2ms)
Completed 200 OK in 21ms (Views: 20.2ms | ActiveRecord: 0.2ms)


Started GET "/pages/landing" for ::1 at 2019-04-10 16:09:56 -0400
Processing by PagesController#landing as HTML
  Rendering pages/landing.html.erb within layouts/application
  [1m[36mStudent Load (0.2ms)[0m  [1m[34mSELECT "students".* FROM "students"[0m
  ↳ app/views/pages/landing.html.erb:2
  Rendered pages/landing.html.erb within layouts/application (1.9ms)
Completed 200 OK in 37ms (Views: 35.0ms | ActiveRecord: 0.2ms)


Started GET "/pages/landing" for ::1 at 2019-04-10 16:11:53 -0400
Processing by PagesController#landing as HTML
  Rendering pages/landing.html.erb within layouts/application
  [1m[36mStudent Load (0.3ms)[0m  [1m[34mSELECT "students".* FROM "students"[0m
  ↳ app/views/pages/landing.html.erb:2
  Rendered pages/landing.html.erb within layouts/application (2.2ms)
Completed 500 Internal Server Error in 26ms (ActiveRecord: 0.3ms)


  
ActionView::Template::Error (Missing template /navbar with {:locale=>[:en], :formats=>[:html], :variants=>[], :handlers=>[:raw, :erb, :html, :builder, :ruby, :coffee, :jbuilder]}. Searched in:
  * "/home/kedabra/Desafio Latam/Semana 11/second app/app/views"
):
    12:   </head>
    13: 
    14:   <body>
    15:     <%= render :template => 'navbar' %>
    16:     <%= yield %>
    17:   </body>
    18: </html>
  
app/views/layouts/application.html.erb:15:in `_app_views_layouts_application_html_erb__3988007637392847256_70207801241740'
Started GET "/pages/landing" for ::1 at 2019-04-10 16:12:33 -0400
Processing by PagesController#landing as HTML
  Rendering pages/landing.html.erb within layouts/application
  [1m[36mStudent Load (0.2ms)[0m  [1m[34mSELECT "students".* FROM "students"[0m
  ↳ app/views/pages/landing.html.erb:2
  Rendered pages/landing.html.erb within layouts/application (1.1ms)
Completed 500 Internal Server Error in 31ms (ActiveRecord: 0.2ms)


  
ActionView::Template::Error (Missing partial pages/_navbar, application/_navbar with {:locale=>[:en], :formats=>[:html], :variants=>[], :handlers=>[:raw, :erb, :html, :builder, :ruby, :coffee, :jbuilder]}. Searched in:
  * "/home/kedabra/Desafio Latam/Semana 11/second app/app/views"
):
    12:   </head>
    13: 
    14:   <body>
    15:     <%= render 'navbar' %>
    16:     <%= yield %>
    17:   </body>
    18: </html>
  
app/views/layouts/application.html.erb:15:in `_app_views_layouts_application_html_erb__3988007637392847256_70207787328860'
Started GET "/pages/landing" for ::1 at 2019-04-10 16:12:44 -0400
Processing by PagesController#landing as HTML
  Rendering pages/landing.html.erb within layouts/application
  [1m[36mStudent Load (0.2ms)[0m  [1m[34mSELECT "students".* FROM "students"[0m
  ↳ app/views/pages/landing.html.erb:2
  Rendered pages/landing.html.erb within layouts/application (1.6ms)
Completed 500 Internal Server Error in 44ms (ActiveRecord: 0.2ms)


  
ActionView::Template::Error (Missing partial student/_navbar with {:locale=>[:en], :formats=>[:html], :variants=>[], :handlers=>[:raw, :erb, :html, :builder, :ruby, :coffee, :jbuilder]}. Searched in:
  * "/home/kedabra/Desafio Latam/Semana 11/second app/app/views"
):
    12:   </head>
    13: 
    14:   <body>
    15:     <%= render 'student/navbar' %>
    16:     <%= yield %>
    17:   </body>
    18: </html>
  
app/views/layouts/application.html.erb:15:in `_app_views_layouts_application_html_erb__3988007637392847256_70207796652940'
Started GET "/pages/landing" for ::1 at 2019-04-10 16:13:27 -0400
Processing by PagesController#landing as HTML
  Rendering pages/landing.html.erb within layouts/application
  [1m[36mStudent Load (0.2ms)[0m  [1m[34mSELECT "students".* FROM "students"[0m
  ↳ app/views/pages/landing.html.erb:2
  Rendered pages/landing.html.erb within layouts/application (1.1ms)
Completed 200 OK in 29ms (Views: 27.9ms | ActiveRecord: 0.2ms)


Started GET "/pages/landing" for ::1 at 2019-04-10 16:13:55 -0400
Processing by PagesController#landing as HTML
  Rendering pages/landing.html.erb within layouts/application
  [1m[36mStudent Load (0.2ms)[0m  [1m[34mSELECT "students".* FROM "students"[0m
  ↳ app/views/pages/landing.html.erb:2
  Rendered pages/landing.html.erb within layouts/application (1.4ms)
Completed 200 OK in 34ms (Views: 33.1ms | ActiveRecord: 0.2ms)


Started GET "/pages/landing" for ::1 at 2019-04-10 16:13:55 -0400
Processing by PagesController#landing as HTML
  Rendering pages/landing.html.erb within layouts/application
  [1m[36mStudent Load (0.3ms)[0m  [1m[34mSELECT "students".* FROM "students"[0m
  ↳ app/views/pages/landing.html.erb:2
  Rendered pages/landing.html.erb within layouts/application (1.6ms)
Completed 200 OK in 27ms (Views: 25.9ms | ActiveRecord: 0.3ms)


Started GET "/pages/landing" for ::1 at 2019-04-10 16:13:56 -0400
Processing by PagesController#landing as HTML
  Rendering pages/landing.html.erb within layouts/application
  [1m[36mStudent Load (0.2ms)[0m  [1m[34mSELECT "students".* FROM "students"[0m
  ↳ app/views/pages/landing.html.erb:2
  Rendered pages/landing.html.erb within layouts/application (1.4ms)
Completed 200 OK in 31ms (Views: 28.9ms | ActiveRecord: 0.2ms)


Started GET "/pages/landing" for ::1 at 2019-04-10 16:14:04 -0400
Processing by PagesController#landing as HTML
  Rendering pages/landing.html.erb within layouts/application
  [1m[36mStudent Load (0.5ms)[0m  [1m[34mSELECT "students".* FROM "students"[0m
  ↳ app/views/pages/landing.html.erb:2
  Rendered pages/landing.html.erb within layouts/application (3.6ms)
Completed 200 OK in 30ms (Views: 28.3ms | ActiveRecord: 0.5ms)


Started GET "/pages/landing" for ::1 at 2019-04-10 16:15:29 -0400
Processing by PagesController#landing as HTML
  Rendering pages/landing.html.erb within layouts/application
  [1m[36mStudent Load (0.2ms)[0m  [1m[34mSELECT "students".* FROM "students"[0m
  ↳ app/views/pages/landing.html.erb:2
  Rendered pages/landing.html.erb within layouts/application (1.2ms)
Completed 200 OK in 21ms (Views: 19.3ms | ActiveRecord: 0.2ms)


Started GET "/pages/landing" for ::1 at 2019-04-10 16:15:41 -0400
Processing by PagesController#landing as HTML
  Rendering pages/landing.html.erb within layouts/application
  [1m[36mStudent Load (0.5ms)[0m  [1m[34mSELECT "students".* FROM "students"[0m
  ↳ app/views/pages/landing.html.erb:2
  Rendered pages/landing.html.erb within layouts/application (3.7ms)
Completed 200 OK in 32ms (Views: 28.3ms | ActiveRecord: 0.5ms)


Started GET "/pages/landing" for ::1 at 2019-04-10 16:15:49 -0400
Processing by PagesController#landing as HTML
  Rendering pages/landing.html.erb within layouts/application
  [1m[36mStudent Load (0.2ms)[0m  [1m[34mSELECT "students".* FROM "students"[0m
  ↳ app/views/pages/landing.html.erb:2
  Rendered pages/landing.html.erb within layouts/application (1.2ms)
Completed 200 OK in 40ms (Views: 38.8ms | ActiveRecord: 0.2ms)


Started GET "/pages/landing" for ::1 at 2019-04-10 16:15:50 -0400
Processing by PagesController#landing as HTML
  Rendering pages/landing.html.erb within layouts/application
  [1m[36mStudent Load (0.3ms)[0m  [1m[34mSELECT "students".* FROM "students"[0m
  ↳ app/views/pages/landing.html.erb:2
  Rendered pages/landing.html.erb within layouts/application (1.7ms)
Completed 200 OK in 25ms (Views: 22.6ms | ActiveRecord: 0.3ms)


Started GET "/pages/landing" for ::1 at 2019-04-10 16:15:50 -0400
Processing by PagesController#landing as HTML
  Rendering pages/landing.html.erb within layouts/application
  [1m[36mStudent Load (0.3ms)[0m  [1m[34mSELECT "students".* FROM "students"[0m
  ↳ app/views/pages/landing.html.erb:2
  Rendered pages/landing.html.erb within layouts/application (2.4ms)
Completed 200 OK in 24ms (Views: 22.0ms | ActiveRecord: 0.3ms)


Started GET "/pages/landing" for ::1 at 2019-04-10 16:15:51 -0400
Processing by PagesController#landing as HTML
  Rendering pages/landing.html.erb within layouts/application
  [1m[36mStudent Load (0.2ms)[0m  [1m[34mSELECT "students".* FROM "students"[0m
  ↳ app/views/pages/landing.html.erb:2
  Rendered pages/landing.html.erb within layouts/application (1.9ms)
Completed 200 OK in 31ms (Views: 28.2ms | ActiveRecord: 0.2ms)


Started GET "/pages/landing" for ::1 at 2019-04-10 16:15:51 -0400
Processing by PagesController#landing as HTML
  Rendering pages/landing.html.erb within layouts/application
  [1m[36mStudent Load (0.2ms)[0m  [1m[34mSELECT "students".* FROM "students"[0m
  ↳ app/views/pages/landing.html.erb:2
  Rendered pages/landing.html.erb within layouts/application (1.3ms)
Completed 200 OK in 22ms (Views: 20.7ms | ActiveRecord: 0.2ms)


Started GET "/pages/landing" for ::1 at 2019-04-10 16:15:51 -0400
Processing by PagesController#landing as HTML
  Rendering pages/landing.html.erb within layouts/application
  [1m[36mStudent Load (0.6ms)[0m  [1m[34mSELECT "students".* FROM "students"[0m
  ↳ app/views/pages/landing.html.erb:2
  Rendered pages/landing.html.erb within layouts/application (2.6ms)
Completed 200 OK in 25ms (Views: 23.1ms | ActiveRecord: 0.6ms)


Started GET "/pages/landing" for ::1 at 2019-04-10 16:15:51 -0400
Processing by PagesController#landing as HTML
  Rendering pages/landing.html.erb within layouts/application
  [1m[36mStudent Load (0.3ms)[0m  [1m[34mSELECT "students".* FROM "students"[0m
  ↳ app/views/pages/landing.html.erb:2
  Rendered pages/landing.html.erb within layouts/application (1.5ms)
Completed 200 OK in 27ms (Views: 25.2ms | ActiveRecord: 0.3ms)


Started GET "/pages/landing" for ::1 at 2019-04-10 16:15:56 -0400
Processing by PagesController#landing as HTML
  Rendering pages/landing.html.erb within layouts/application
  [1m[36mStudent Load (0.2ms)[0m  [1m[34mSELECT "students".* FROM "students"[0m
  ↳ app/views/pages/landing.html.erb:2
  Rendered pages/landing.html.erb within layouts/application (1.5ms)
Completed 200 OK in 30ms (Views: 28.2ms | ActiveRecord: 0.2ms)


Started GET "/pages/landing" for ::1 at 2019-04-10 16:16:11 -0400
Processing by PagesController#landing as HTML
  Rendering pages/landing.html.erb within layouts/application
  [1m[36mStudent Load (0.2ms)[0m  [1m[34mSELECT "students".* FROM "students"[0m
  ↳ app/views/pages/landing.html.erb:2
  Rendered pages/landing.html.erb within layouts/application (1.4ms)
Completed 200 OK in 37ms (Views: 35.8ms | ActiveRecord: 0.2ms)


Started GET "/pages/landing" for ::1 at 2019-04-10 16:16:51 -0400
Processing by PagesController#landing as HTML
  Rendering pages/landing.html.erb within layouts/application
  [1m[36mStudent Load (0.2ms)[0m  [1m[34mSELECT "students".* FROM "students"[0m
  ↳ app/views/pages/landing.html.erb:2
  Rendered pages/landing.html.erb within layouts/application (1.0ms)
Completed 200 OK in 25ms (Views: 23.6ms | ActiveRecord: 0.2ms)


Started GET "/pages/landing" for ::1 at 2019-04-10 16:16:52 -0400
Processing by PagesController#landing as HTML
  Rendering pages/landing.html.erb within layouts/application
  [1m[36mStudent Load (0.2ms)[0m  [1m[34mSELECT "students".* FROM "students"[0m
  ↳ app/views/pages/landing.html.erb:2
  Rendered pages/landing.html.erb within layouts/application (1.1ms)
Completed 200 OK in 29ms (Views: 28.3ms | ActiveRecord: 0.2ms)


Started GET "/pages/landing" for ::1 at 2019-04-10 16:17:11 -0400
Processing by PagesController#landing as HTML
  Rendering pages/landing.html.erb within layouts/application
  [1m[36mStudent Load (0.3ms)[0m  [1m[34mSELECT "students".* FROM "students"[0m
  ↳ app/views/pages/landing.html.erb:2
  Rendered pages/landing.html.erb within layouts/application (1.5ms)
Completed 200 OK in 31ms (Views: 28.8ms | ActiveRecord: 0.3ms)


Started GET "/pages/landing" for ::1 at 2019-04-10 16:17:12 -0400
Processing by PagesController#landing as HTML
  Rendering pages/landing.html.erb within layouts/application
  [1m[36mStudent Load (0.3ms)[0m  [1m[34mSELECT "students".* FROM "students"[0m
  ↳ app/views/pages/landing.html.erb:2
  Rendered pages/landing.html.erb within layouts/application (1.4ms)
Completed 200 OK in 21ms (Views: 19.0ms | ActiveRecord: 0.3ms)


Started GET "/pages/landing" for ::1 at 2019-04-10 16:18:28 -0400
Processing by PagesController#landing as HTML
  Rendering pages/landing.html.erb within layouts/application
  [1m[36mStudent Load (0.3ms)[0m  [1m[34mSELECT "students".* FROM "students"[0m
  ↳ app/views/pages/landing.html.erb:2
  Rendered pages/landing.html.erb within layouts/application (1.4ms)
Completed 200 OK in 24ms (Views: 22.2ms | ActiveRecord: 0.3ms)


Started GET "/pages/landing" for ::1 at 2019-04-10 16:18:29 -0400
Processing by PagesController#landing as HTML
  Rendering pages/landing.html.erb within layouts/application
  [1m[36mStudent Load (0.2ms)[0m  [1m[34mSELECT "students".* FROM "students"[0m
  ↳ app/views/pages/landing.html.erb:2
  Rendered pages/landing.html.erb within layouts/application (1.4ms)
Completed 200 OK in 25ms (Views: 24.1ms | ActiveRecord: 0.2ms)


Started GET "/pages/landing" for ::1 at 2019-04-10 16:18:30 -0400
Processing by PagesController#landing as HTML
  Rendering pages/landing.html.erb within layouts/application
  [1m[36mStudent Load (0.2ms)[0m  [1m[34mSELECT "students".* FROM "students"[0m
  ↳ app/views/pages/landing.html.erb:2
  Rendered pages/landing.html.erb within layouts/application (1.4ms)
Completed 200 OK in 27ms (Views: 25.6ms | ActiveRecord: 0.2ms)


Started GET "/pages/landing" for ::1 at 2019-04-10 16:18:30 -0400
Processing by PagesController#landing as HTML
  Rendering pages/landing.html.erb within layouts/application
  [1m[36mStudent Load (0.2ms)[0m  [1m[34mSELECT "students".* FROM "students"[0m
  ↳ app/views/pages/landing.html.erb:2
  Rendered pages/landing.html.erb within layouts/application (1.4ms)
Completed 200 OK in 27ms (Views: 25.1ms | ActiveRecord: 0.2ms)


Started GET "/pages/landing" for ::1 at 2019-04-10 16:18:30 -0400
Processing by PagesController#landing as HTML
  Rendering pages/landing.html.erb within layouts/application
  [1m[36mStudent Load (0.2ms)[0m  [1m[34mSELECT "students".* FROM "students"[0m
  ↳ app/views/pages/landing.html.erb:2
  Rendered pages/landing.html.erb within layouts/application (2.4ms)
Completed 200 OK in 32ms (Views: 30.0ms | ActiveRecord: 0.2ms)


Started GET "/pages/landing" for ::1 at 2019-04-10 16:18:41 -0400
Processing by PagesController#landing as HTML
  Rendering pages/landing.html.erb within layouts/application
  [1m[36mStudent Load (0.3ms)[0m  [1m[34mSELECT "students".* FROM "students"[0m
  ↳ app/views/pages/landing.html.erb:2
  Rendered pages/landing.html.erb within layouts/application (1.7ms)
Completed 200 OK in 35ms (Views: 33.1ms | ActiveRecord: 0.3ms)


Started GET "/pages/landing" for ::1 at 2019-04-10 16:18:42 -0400
Processing by PagesController#landing as HTML
  Rendering pages/landing.html.erb within layouts/application
  [1m[36mStudent Load (0.2ms)[0m  [1m[34mSELECT "students".* FROM "students"[0m
  ↳ app/views/pages/landing.html.erb:2
  Rendered pages/landing.html.erb within layouts/application (1.4ms)
Completed 200 OK in 25ms (Views: 22.9ms | ActiveRecord: 0.2ms)


Started GET "/pages/landing" for ::1 at 2019-04-10 16:18:42 -0400
Processing by PagesController#landing as HTML
  Rendering pages/landing.html.erb within layouts/application
  [1m[36mStudent Load (0.2ms)[0m  [1m[34mSELECT "students".* FROM "students"[0m
  ↳ app/views/pages/landing.html.erb:2
  Rendered pages/landing.html.erb within layouts/application (2.6ms)
Completed 200 OK in 30ms (Views: 27.7ms | ActiveRecord: 0.2ms)


Started GET "/pages/landing" for ::1 at 2019-04-10 16:18:43 -0400
Processing by PagesController#landing as HTML
  Rendering pages/landing.html.erb within layouts/application
  [1m[36mStudent Load (0.2ms)[0m  [1m[34mSELECT "students".* FROM "students"[0m
  ↳ app/views/pages/landing.html.erb:2
  Rendered pages/landing.html.erb within layouts/application (1.4ms)
Completed 200 OK in 29ms (Views: 26.9ms | ActiveRecord: 0.2ms)


Started GET "/pages/landing" for ::1 at 2019-04-10 16:18:47 -0400
Processing by PagesController#landing as HTML
  Rendering pages/landing.html.erb within layouts/application
  [1m[36mStudent Load (0.8ms)[0m  [1m[34mSELECT "students".* FROM "students"[0m
  ↳ app/views/pages/landing.html.erb:2
  Rendered pages/landing.html.erb within layouts/application (4.2ms)
Completed 200 OK in 36ms (Views: 32.1ms | ActiveRecord: 0.8ms)


Started GET "/pages/landing" for ::1 at 2019-04-10 16:18:53 -0400
Processing by PagesController#landing as HTML
  Rendering pages/landing.html.erb within layouts/application
  [1m[36mStudent Load (0.2ms)[0m  [1m[34mSELECT "students".* FROM "students"[0m
  ↳ app/views/pages/landing.html.erb:2
  Rendered pages/landing.html.erb within layouts/application (2.3ms)
Completed 200 OK in 35ms (Views: 33.4ms | ActiveRecord: 0.2ms)


Started GET "/pages/landing" for ::1 at 2019-04-10 16:18:54 -0400
Processing by PagesController#landing as HTML
  Rendering pages/landing.html.erb within layouts/application
  [1m[36mStudent Load (0.2ms)[0m  [1m[34mSELECT "students".* FROM "students"[0m
  ↳ app/views/pages/landing.html.erb:2
  Rendered pages/landing.html.erb within layouts/application (1.3ms)
Completed 200 OK in 28ms (Views: 18.3ms | ActiveRecord: 0.2ms)


Started GET "/pages/landing" for ::1 at 2019-04-10 16:18:55 -0400
Processing by PagesController#landing as HTML
  Rendering pages/landing.html.erb within layouts/application
  [1m[36mStudent Load (0.4ms)[0m  [1m[34mSELECT "students".* FROM "students"[0m
  ↳ app/views/pages/landing.html.erb:2
  Rendered pages/landing.html.erb within layouts/application (1.7ms)
Completed 200 OK in 23ms (Views: 21.7ms | ActiveRecord: 0.4ms)


Started GET "/pages/landing" for ::1 at 2019-04-10 16:18:56 -0400
Processing by PagesController#landing as HTML
  Rendering pages/landing.html.erb within layouts/application
  [1m[36mStudent Load (0.2ms)[0m  [1m[34mSELECT "students".* FROM "students"[0m
  ↳ app/views/pages/landing.html.erb:2
  Rendered pages/landing.html.erb within layouts/application (1.6ms)
Completed 200 OK in 31ms (Views: 29.1ms | ActiveRecord: 0.2ms)


Started GET "/pages/landing" for ::1 at 2019-04-10 16:18:57 -0400
Processing by PagesController#landing as HTML
  Rendering pages/landing.html.erb within layouts/application
  [1m[36mStudent Load (0.2ms)[0m  [1m[34mSELECT "students".* FROM "students"[0m
  ↳ app/views/pages/landing.html.erb:2
  Rendered pages/landing.html.erb within layouts/application (1.4ms)
Completed 200 OK in 28ms (Views: 25.9ms | ActiveRecord: 0.2ms)


Started GET "/pages/landing" for ::1 at 2019-04-10 16:18:57 -0400
Processing by PagesController#landing as HTML
  Rendering pages/landing.html.erb within layouts/application
  [1m[36mStudent Load (0.2ms)[0m  [1m[34mSELECT "students".* FROM "students"[0m
  ↳ app/views/pages/landing.html.erb:2
  Rendered pages/landing.html.erb within layouts/application (1.9ms)
Completed 200 OK in 30ms (Views: 27.3ms | ActiveRecord: 0.2ms)


Started GET "/pages/landing" for ::1 at 2019-04-10 16:18:58 -0400
Processing by PagesController#landing as HTML
  Rendering pages/landing.html.erb within layouts/application
  [1m[36mStudent Load (0.7ms)[0m  [1m[34mSELECT "students".* FROM "students"[0m
  ↳ app/views/pages/landing.html.erb:2
  Rendered pages/landing.html.erb within layouts/application (3.1ms)
Completed 200 OK in 36ms (Views: 33.1ms | ActiveRecord: 0.7ms)


Started GET "/pages/landing" for ::1 at 2019-04-10 16:18:58 -0400
Processing by PagesController#landing as HTML
  Rendering pages/landing.html.erb within layouts/application
  [1m[36mStudent Load (0.2ms)[0m  [1m[34mSELECT "students".* FROM "students"[0m
  ↳ app/views/pages/landing.html.erb:2
  Rendered pages/landing.html.erb within layouts/application (2.3ms)
Completed 200 OK in 36ms (Views: 34.5ms | ActiveRecord: 0.2ms)


Started GET "/pages/landing" for ::1 at 2019-04-10 16:18:59 -0400
Processing by PagesController#landing as HTML
  Rendering pages/landing.html.erb within layouts/application
  [1m[36mStudent Load (0.3ms)[0m  [1m[34mSELECT "students".* FROM "students"[0m
  ↳ app/views/pages/landing.html.erb:2
  Rendered pages/landing.html.erb within layouts/application (2.6ms)
Completed 200 OK in 35ms (Views: 32.5ms | ActiveRecord: 0.3ms)


Started GET "/pages/landing" for ::1 at 2019-04-10 16:18:59 -0400
Processing by PagesController#landing as HTML
  Rendering pages/landing.html.erb within layouts/application
  [1m[36mStudent Load (0.2ms)[0m  [1m[34mSELECT "students".* FROM "students"[0m
  ↳ app/views/pages/landing.html.erb:2
  Rendered pages/landing.html.erb within layouts/application (2.9ms)
Completed 200 OK in 32ms (Views: 29.7ms | ActiveRecord: 0.2ms)


Started GET "/pages/landing" for ::1 at 2019-04-10 16:18:59 -0400
Processing by PagesController#landing as HTML
  Rendering pages/landing.html.erb within layouts/application
  [1m[36mStudent Load (0.3ms)[0m  [1m[34mSELECT "students".* FROM "students"[0m
  ↳ app/views/pages/landing.html.erb:2
  Rendered pages/landing.html.erb within layouts/application (1.7ms)
Completed 200 OK in 32ms (Views: 29.9ms | ActiveRecord: 0.3ms)


Started GET "/pages/landing" for ::1 at 2019-04-10 16:18:59 -0400
Processing by PagesController#landing as HTML
  Rendering pages/landing.html.erb within layouts/application
  [1m[36mStudent Load (0.2ms)[0m  [1m[34mSELECT "students".* FROM "students"[0m
  ↳ app/views/pages/landing.html.erb:2
  Rendered pages/landing.html.erb within layouts/application (1.9ms)
Completed 200 OK in 30ms (Views: 27.7ms | ActiveRecord: 0.2ms)


Started GET "/pages/landing" for ::1 at 2019-04-10 16:19:45 -0400
Processing by PagesController#landing as HTML
  Rendering pages/landing.html.erb within layouts/application
  [1m[36mStudent Load (0.2ms)[0m  [1m[34mSELECT "students".* FROM "students"[0m
  ↳ app/views/pages/landing.html.erb:2
  Rendered pages/landing.html.erb within layouts/application (1.5ms)
Completed 200 OK in 24ms (Views: 22.3ms | ActiveRecord: 0.2ms)


Started GET "/pages/landing" for ::1 at 2019-04-10 16:19:46 -0400
Processing by PagesController#landing as HTML
  Rendering pages/landing.html.erb within layouts/application
  [1m[36mStudent Load (0.3ms)[0m  [1m[34mSELECT "students".* FROM "students"[0m
  ↳ app/views/pages/landing.html.erb:2
  Rendered pages/landing.html.erb within layouts/application (1.9ms)
Completed 200 OK in 27ms (Views: 25.3ms | ActiveRecord: 0.3ms)


Started GET "/pages/landing" for ::1 at 2019-04-10 16:19:47 -0400
Processing by PagesController#landing as HTML
  Rendering pages/landing.html.erb within layouts/application
  [1m[36mStudent Load (0.2ms)[0m  [1m[34mSELECT "students".* FROM "students"[0m
  ↳ app/views/pages/landing.html.erb:2
  Rendered pages/landing.html.erb within layouts/application (2.2ms)
Completed 200 OK in 32ms (Views: 30.2ms | ActiveRecord: 0.2ms)


Started GET "/pages/landing" for ::1 at 2019-04-10 16:19:48 -0400
Processing by PagesController#landing as HTML
  Rendering pages/landing.html.erb within layouts/application
  [1m[36mStudent Load (0.3ms)[0m  [1m[34mSELECT "students".* FROM "students"[0m
  ↳ app/views/pages/landing.html.erb:2
  Rendered pages/landing.html.erb within layouts/application (2.6ms)
Completed 200 OK in 29ms (Views: 26.5ms | ActiveRecord: 0.3ms)


Started GET "/pages/landing" for ::1 at 2019-04-10 16:19:52 -0400
Processing by PagesController#landing as HTML
  Rendering pages/landing.html.erb within layouts/application
  [1m[36mStudent Load (0.3ms)[0m  [1m[34mSELECT "students".* FROM "students"[0m
  ↳ app/views/pages/landing.html.erb:2
  Rendered pages/landing.html.erb within layouts/application (2.0ms)
Completed 200 OK in 30ms (Views: 27.3ms | ActiveRecord: 0.3ms)


Started GET "/pages/landing" for ::1 at 2019-04-10 16:19:52 -0400
Processing by PagesController#landing as HTML
  Rendering pages/landing.html.erb within layouts/application
  [1m[36mStudent Load (0.3ms)[0m  [1m[34mSELECT "students".* FROM "students"[0m
  ↳ app/views/pages/landing.html.erb:2
  Rendered pages/landing.html.erb within layouts/application (1.7ms)
Completed 200 OK in 31ms (Views: 28.3ms | ActiveRecord: 0.3ms)


Started GET "/pages/landing" for ::1 at 2019-04-10 16:19:53 -0400
Processing by PagesController#landing as HTML
  Rendering pages/landing.html.erb within layouts/application
  [1m[36mStudent Load (0.2ms)[0m  [1m[34mSELECT "students".* FROM "students"[0m
  ↳ app/views/pages/landing.html.erb:2
  Rendered pages/landing.html.erb within layouts/application (1.5ms)
Completed 200 OK in 28ms (Views: 25.4ms | ActiveRecord: 0.2ms)


Started GET "/pages/landing" for ::1 at 2019-04-10 16:19:53 -0400
Processing by PagesController#landing as HTML
  Rendering pages/landing.html.erb within layouts/application
  [1m[36mStudent Load (0.3ms)[0m  [1m[34mSELECT "students".* FROM "students"[0m
  ↳ app/views/pages/landing.html.erb:2
  Rendered pages/landing.html.erb within layouts/application (1.8ms)
Completed 200 OK in 30ms (Views: 27.2ms | ActiveRecord: 0.3ms)


